[1;34m                          _           
                         | |          
 _ __  _   _ _ __ ___  __| |_ __  ___ 
| '_ \| | | | '__/ _ \/ _` | '_ \/ __|
| |_) | |_| | | |  __/ (_| | | | \__ \
| .__/ \__,_|_|  \___|\__,_|_| |_|___/
| |                                   
|_|                     [1;36mpuredns [1;34mv2.1.1

[1;37mFast and accurate DNS resolving and bruteforcing

[1;37mCrafted with [1;31m<3[1;37m by @d3mondev
https://github.com/sponsors/d3mondev
[0m
[1;37m------------------------------------------------------------
[0m[1;37m[[1;34m+[1;37m] Mode                 :[0;37m resolve
[1;37m[[1;34m+[1;37m] File                 :[0;37m /home/kujen/Bug-Bounty-Script---Web2/platacard.mx/platacard.mx/2026-02-08_124904/phase2_passive/merged_passive.txt
[1;37m[[1;34m+[1;37m] Resolvers            :[0;37m /home/kujen/Bug-Bounty-Script---Web2/resolvers.txt
[1;37m[[1;34m+[1;37m] Rate Limit           :[0;37m 300 qps
[1;37m[[1;34m+[1;37m] Rate Limit (Trusted) :[0;37m 500 qps
[1;37m[[1;34m+[1;37m] Wildcard Threads     :[0;37m 100
[1;37m[[1;34m+[1;37m] Wildcard Tests       :[0;37m 3
[1;37m[[1;32m+[1;37m] Write Domains        :[0;37m /home/kujen/Bug-Bounty-Script---Web2/platacard.mx/platacard.mx/2026-02-08_124904/phase3_dns/resolved.txt
[1;37m[[1;32m+[1;37m] Write Wildcards      :[0;37m /home/kujen/Bug-Bounty-Script---Web2/platacard.mx/platacard.mx/2026-02-08_124904/phase3_dns/wildcards.txt
[1;37m------------------------------------------------------------
[0m
[1;37mResolving domains with public resolvers[0m
[ETA 00:00:00] [0;37m|[0;37m██████████████████████████████████████[0;37m|[0m 54/54 rate: 54 qps (time: 00:00:00)[ETA 00:00:00] [0;37m|[0;37m██████████████████████████████████████[0;37m|[0m 54/54 rate: 54 qps (time: 00:00:00)[ETA 00:00:00] [0;37m|[0;37m██████████████████████████████████████[0;37m|[0m 54/54 rate: 54 qps (time: 00:00:00)[ETA 00:00:00] [0;37m|[0;37m██████████████████████████████████████[0;37m|[0m 54/54 rate: 54 qps (time: 00:00:00)[ETA 00:00:00] [0;37m|[0;37m██████████████████████████████████████[0;37m|[0m 54/54 rate: 54 qps (time: 00:00:00)[ETA 00:00:00] [0;37m|[0;37m██████████████████████████████████████[0;37m|[0m 54/54 rate: 54 qps (time: 00:00:00)[ETA 00:00:00] [0;37m|[0;37m██████████████████████████████████████[0;37m|[0m 54/54 rate: 54 qps (time: 00:00:00)[ETA 00:00:00] [0;37m|[0;37m██████████████████████████████████████[0;37m|[0m 54/54 rate: 54 qps (time: 00:00:00)[ETA 00:00:00] [0;37m|[0;37m██████████████████████████████████████[0;37m|[0m 54/54 rate: 54 qps (time: 00:00:00)[ETA 00:00:00] [0;37m|[0;37m██████████████████████████████████████[0;37m|[0m 54/54 rate: 54 qps (time: 00:00:00)

[1;37mDetecting wildcard root subdomains[0m
[ETA 00:00:02] [0;37m|[0;37m████████████[1;30m░░░░░░░░░░░░░░░░░░░░░░░░░░[0;37m|[0m 13/44 queries: 12 (time: 00:00:00)[ETA 00:00:00] [0;37m|[0;37m████████████████████████████████████[1;30m░░[0;37m|[0m 41/44 queries: 40 (time: 00:00:00)[ETA 00:00:00] [0;37m|[0;37m██████████████████████████████████████[0;37m|[0m 44/44 queries: 43 (time: 00:00:00)

[1;37mValidating domains against trusted resolvers[0m
[ETA 00:00:00] [0;37m|[0;37m██████████████████████████████████████[0;37m|[0m 44/44 rate: 44 qps (time: 00:00:00)[ETA 00:00:00] [0;37m|[0;37m██████████████████████████████████████[0;37m|[0m 44/44 rate: 44 qps (time: 00:00:00)[ETA 00:00:00] [0;37m|[0;37m██████████████████████████████████████[0;37m|[0m 44/44 rate: 44 qps (time: 00:00:00)[ETA 00:00:00] [0;37m|[0;37m██████████████████████████████████████[0;37m|[0m 44/44 rate: 44 qps (time: 00:00:00)

[1;37mFound [1;32m44[1;37m valid domains:[0m
